Microsoft (R) Macro Assembler Version 14.39.33521.0	    03/07/24 16:44:00
example.asm						     Page 1 - 1


				; Example assembly language program -- adds two numbers
				; Author:  R. Detmer
				; Date:    1/2008

				.586
				.MODEL FLAT

				INCLUDE io.h            ; header file for input/output
			      C ; IO.H -- header file for I/O macros (listing suppressed)
			      C .NOLIST      ; turn off listing
			      C .LIST        ; begin listing
			      C 

				.STACK 4096

 00000000			.DATA
 00000000 00			bval BYTE ?
 00000001 0000			wval WORD ?
 00000003 00000000		dval DWORD ?
 00000007 00000000		tval DWORD ?

 00000000			.CODE
 00000000			_MainProc PROC
 00000000  B8 00000064		        mov eax, 100
 00000005  B4 00		        mov AH, 0
 00000007  8B 15 00000003 R	        mov edx, dval
 0000000D  89 0D 00000003 R	        mov dval, ecx
 00000013  BB 00000080		        mov EBX, 128
 00000018  8A 0D 00000000 R	        mov CL, bval
 0000001E  87 05 00000007 R	        xchg tval, eax
 00000024  86 D6		        xchg dl, dh
 00000026  92			        xchg eax, edx
 00000027  66| 87 DA		        xchg bx, dx


 0000002A			_MainProc ENDP
				END                             ; end of source code

Microsoft (R) Macro Assembler Version 14.39.33521.0	    03/07/24 16:44:00
example.asm						     Symbols 2 - 1




Macros:

                N a m e                 Type

atod . . . . . . . . . . . . . .	Proc
atow . . . . . . . . . . . . . .	Proc
dtoa . . . . . . . . . . . . . .	Proc
input  . . . . . . . . . . . . .	Proc
output . . . . . . . . . . . . .	Proc
wtoa . . . . . . . . . . . . . .	Proc


Segments and Groups:

                N a m e                 Size     Length   Align   Combine Class

FLAT . . . . . . . . . . . . . .	GROUP
STACK  . . . . . . . . . . . . .	32 Bit	 00001000 Para	  Stack	  'STACK'	 
_DATA  . . . . . . . . . . . . .	32 Bit	 0000000B Para	  Public  'DATA'	
_TEXT  . . . . . . . . . . . . .	32 Bit	 0000002A Para	  Public  'CODE'	


Procedures, parameters, and locals:

                N a m e                 Type     Value    Attr

_MainProc  . . . . . . . . . . .	P Near	 00000000 _TEXT	Length= 0000002A Public


Symbols:

                N a m e                 Type     Value    Attr

@CodeSize  . . . . . . . . . . .	Number	 00000000h   
@DataSize  . . . . . . . . . . .	Number	 00000000h   
@Interface . . . . . . . . . . .	Number	 00000000h   
@Model . . . . . . . . . . . . .	Number	 00000007h   
@code  . . . . . . . . . . . . .	Text   	 _TEXT
@data  . . . . . . . . . . . . .	Text   	 FLAT
@fardata?  . . . . . . . . . . .	Text   	 FLAT
@fardata . . . . . . . . . . . .	Text   	 FLAT
@stack . . . . . . . . . . . . .	Text   	 FLAT
_getInput  . . . . . . . . . . .	L Near	 00000000 FLAT	External
_showOutput  . . . . . . . . . .	L Near	 00000000 FLAT	External
atodproc . . . . . . . . . . . .	L Near	 00000000 FLAT	External
atowproc . . . . . . . . . . . .	L Near	 00000000 FLAT	External
bval . . . . . . . . . . . . . .	Byte	 00000000 _DATA	
dtoaproc . . . . . . . . . . . .	L Near	 00000000 FLAT	External
dval . . . . . . . . . . . . . .	DWord	 00000003 _DATA	
tval . . . . . . . . . . . . . .	DWord	 00000007 _DATA	
wtoaproc . . . . . . . . . . . .	L Near	 00000000 FLAT	External
wval . . . . . . . . . . . . . .	Word	 00000001 _DATA	

	   0 Warnings
	   0 Errors
